TimeQuest Timing Analyzer report for mProj2_2
Wed Apr 29 19:55:50 2015
Quartus II 64-Bit Version 12.1 Build 243 01/31/2013 Service Pack 1 SJ Full Version


---------------------
; Table of Contents ;
---------------------
  1. Legal Notice
  2. TimeQuest Timing Analyzer Summary
  3. Parallel Compilation
  4. Clocks
  5. Slow Model Fmax Summary
  6. Slow Model Setup Summary
  7. Slow Model Hold Summary
  8. Slow Model Recovery Summary
  9. Slow Model Removal Summary
 10. Slow Model Minimum Pulse Width Summary
 11. Slow Model Setup: 'clk'
 12. Slow Model Setup: 'inst2'
 13. Slow Model Hold: 'inst2'
 14. Slow Model Hold: 'clk'
 15. Slow Model Minimum Pulse Width: 'clk'
 16. Slow Model Minimum Pulse Width: 'inst2'
 17. Setup Times
 18. Hold Times
 19. Clock to Output Times
 20. Minimum Clock to Output Times
 21. Propagation Delay
 22. Minimum Propagation Delay
 23. Fast Model Setup Summary
 24. Fast Model Hold Summary
 25. Fast Model Recovery Summary
 26. Fast Model Removal Summary
 27. Fast Model Minimum Pulse Width Summary
 28. Fast Model Setup: 'clk'
 29. Fast Model Setup: 'inst2'
 30. Fast Model Hold: 'inst2'
 31. Fast Model Hold: 'clk'
 32. Fast Model Minimum Pulse Width: 'clk'
 33. Fast Model Minimum Pulse Width: 'inst2'
 34. Setup Times
 35. Hold Times
 36. Clock to Output Times
 37. Minimum Clock to Output Times
 38. Propagation Delay
 39. Minimum Propagation Delay
 40. Multicorner Timing Analysis Summary
 41. Setup Times
 42. Hold Times
 43. Clock to Output Times
 44. Minimum Clock to Output Times
 45. Progagation Delay
 46. Minimum Progagation Delay
 47. Setup Transfers
 48. Hold Transfers
 49. Report TCCS
 50. Report RSKM
 51. Unconstrained Paths
 52. TimeQuest Timing Analyzer Messages



----------------
; Legal Notice ;
----------------
Copyright (C) 1991-2012 Altera Corporation
Your use of Altera Corporation's design tools, logic functions 
and other software and tools, and its AMPP partner logic 
functions, and any output files from any of the foregoing 
(including device programming or simulation files), and any 
associated documentation or information are expressly subject 
to the terms and conditions of the Altera Program License 
Subscription Agreement, Altera MegaCore Function License 
Agreement, or other applicable license agreement, including, 
without limitation, that your use is for the sole purpose of 
programming logic devices manufactured by Altera and sold by 
Altera or its authorized distributors.  Please refer to the 
applicable agreement for further details.



+---------------------------------------------------------------------------------------+
; TimeQuest Timing Analyzer Summary                                                     ;
+--------------------+------------------------------------------------------------------+
; Quartus II Version ; Version 12.1 Build 243 01/31/2013 Service Pack 1 SJ Full Version ;
; Revision Name      ; mProj2_2                                                         ;
; Device Family      ; Cyclone II                                                       ;
; Device Name        ; EP2C35F672C6                                                     ;
; Timing Models      ; Final                                                            ;
; Delay Model        ; Combined                                                         ;
; Rise/Fall Delays   ; Unavailable                                                      ;
+--------------------+------------------------------------------------------------------+


+------------------------------------------+
; Parallel Compilation                     ;
+----------------------------+-------------+
; Processors                 ; Number      ;
+----------------------------+-------------+
; Number detected on machine ; 8           ;
; Maximum allowed            ; 4           ;
;                            ;             ;
; Average used               ; 1.00        ;
; Maximum used               ; 3           ;
;                            ;             ;
; Usage by Processor         ; % Time Used ;
;     1 processor            ; 100.0%      ;
;     2-3 processors         ; < 0.1%      ;
;     4-8 processors         ;   0.0%      ;
+----------------------------+-------------+


+-----------------------------------------------------------------------------------------------------------------------------------------------------------------------------------+
; Clocks                                                                                                                                                                            ;
+------------+------+--------+------------+-------+-------+------------+-----------+-------------+-------+--------+-----------+------------+----------+--------+--------+-----------+
; Clock Name ; Type ; Period ; Frequency  ; Rise  ; Fall  ; Duty Cycle ; Divide by ; Multiply by ; Phase ; Offset ; Edge List ; Edge Shift ; Inverted ; Master ; Source ; Targets   ;
+------------+------+--------+------------+-------+-------+------------+-----------+-------------+-------+--------+-----------+------------+----------+--------+--------+-----------+
; clk        ; Base ; 1.000  ; 1000.0 MHz ; 0.000 ; 0.500 ;            ;           ;             ;       ;        ;           ;            ;          ;        ;        ; { clk }   ;
; inst2      ; Base ; 1.000  ; 1000.0 MHz ; 0.000 ; 0.500 ;            ;           ;             ;       ;        ;           ;            ;          ;        ;        ; { inst2 } ;
+------------+------+--------+------------+-------+-------+------------+-----------+-------------+-------+--------+-----------+------------+----------+--------+--------+-----------+


+---------------------------------------------------------------------+
; Slow Model Fmax Summary                                             ;
+------------+-----------------+------------+-------------------------+
; Fmax       ; Restricted Fmax ; Clock Name ; Note                    ;
+------------+-----------------+------------+-------------------------+
; INF MHz    ; 211.69 MHz      ; inst2      ; limit due to hold check ;
; 354.11 MHz ; 354.11 MHz      ; clk        ;                         ;
+------------+-----------------+------------+-------------------------+
This panel reports FMAX for every clock in the design, regardless of the user-specified clock periods.  FMAX is only computed for paths where the source and destination registers or ports are driven by the same clock.  Paths of different clocks, including generated clocks, are ignored.  For paths between a clock and its inversion, FMAX is computed as if the rising and falling edges are scaled along with FMAX, such that the duty cycle (in terms of a percentage) is maintained. Altera recommends that you always use clock constraints and other slack reports for sign-off analysis.


+--------------------------------+
; Slow Model Setup Summary       ;
+-------+--------+---------------+
; Clock ; Slack  ; End Point TNS ;
+-------+--------+---------------+
; clk   ; -1.824 ; -6.042        ;
; inst2 ; -0.140 ; -0.140        ;
+-------+--------+---------------+


+--------------------------------+
; Slow Model Hold Summary        ;
+-------+--------+---------------+
; Clock ; Slack  ; End Point TNS ;
+-------+--------+---------------+
; inst2 ; -2.362 ; -3.007        ;
; clk   ; -1.221 ; -3.782        ;
+-------+--------+---------------+


-------------------------------
; Slow Model Recovery Summary ;
-------------------------------
No paths to report.


------------------------------
; Slow Model Removal Summary ;
------------------------------
No paths to report.


+----------------------------------------+
; Slow Model Minimum Pulse Width Summary ;
+-------+--------+-----------------------+
; Clock ; Slack  ; End Point TNS         ;
+-------+--------+-----------------------+
; clk   ; -1.222 ; -5.222                ;
; inst2 ; 0.500  ; 0.000                 ;
+-------+--------+-----------------------+


+----------------------------------------------------------------------------------------------------+
; Slow Model Setup: 'clk'                                                                            ;
+--------+-----------+---------+--------------+-------------+--------------+------------+------------+
; Slack  ; From Node ; To Node ; Launch Clock ; Latch Clock ; Relationship ; Clock Skew ; Data Delay ;
+--------+-----------+---------+--------------+-------------+--------------+------------+------------+
; -1.824 ; inst4     ; inst3   ; clk          ; clk         ; 1.000        ; 0.000      ; 2.860      ;
; -1.724 ; inst5     ; inst3   ; clk          ; clk         ; 1.000        ; 0.000      ; 2.760      ;
; -1.605 ; inst5     ; inst4   ; clk          ; clk         ; 1.000        ; 0.000      ; 2.641      ;
; -1.565 ; inst4     ; inst4   ; clk          ; clk         ; 1.000        ; 0.000      ; 2.601      ;
; -1.492 ; inst3     ; inst4   ; clk          ; clk         ; 1.000        ; 0.000      ; 2.528      ;
; -1.415 ; inst3     ; inst3   ; clk          ; clk         ; 1.000        ; 0.000      ; 2.451      ;
; -1.326 ; inst4     ; inst5   ; clk          ; clk         ; 1.000        ; 0.000      ; 2.362      ;
; -1.287 ; inst5     ; inst2   ; clk          ; clk         ; 1.000        ; 0.000      ; 2.323      ;
; -1.202 ; inst3     ; inst5   ; clk          ; clk         ; 1.000        ; 0.000      ; 2.238      ;
; -1.118 ; inst4     ; inst2   ; clk          ; clk         ; 1.000        ; 0.000      ; 2.154      ;
; -0.978 ; inst3     ; inst2   ; clk          ; clk         ; 1.000        ; 0.000      ; 2.014      ;
; 0.379  ; inst5     ; inst5   ; clk          ; clk         ; 1.000        ; 0.000      ; 0.657      ;
; 0.476  ; inst2     ; inst3   ; inst2        ; clk         ; 0.500        ; 2.601      ; 2.911      ;
; 0.595  ; inst2     ; inst4   ; inst2        ; clk         ; 0.500        ; 2.601      ; 2.792      ;
; 0.913  ; inst2     ; inst2   ; inst2        ; clk         ; 0.500        ; 2.601      ; 2.474      ;
; 0.958  ; inst2     ; inst5   ; inst2        ; clk         ; 0.500        ; 2.601      ; 2.429      ;
; 0.976  ; inst2     ; inst3   ; inst2        ; clk         ; 1.000        ; 2.601      ; 2.911      ;
; 1.095  ; inst2     ; inst4   ; inst2        ; clk         ; 1.000        ; 2.601      ; 2.792      ;
; 1.413  ; inst2     ; inst2   ; inst2        ; clk         ; 1.000        ; 2.601      ; 2.474      ;
; 1.458  ; inst2     ; inst5   ; inst2        ; clk         ; 1.000        ; 2.601      ; 2.429      ;
+--------+-----------+---------+--------------+-------------+--------------+------------+------------+


+----------------------------------------------------------------------------------------------------------------------+
; Slow Model Setup: 'inst2'                                                                                            ;
+--------+-----------+---------------------------+--------------+-------------+--------------+------------+------------+
; Slack  ; From Node ; To Node                   ; Launch Clock ; Latch Clock ; Relationship ; Clock Skew ; Data Delay ;
+--------+-----------+---------------------------+--------------+-------------+--------------+------------+------------+
; -0.140 ; inst4     ; insideMachine:inst6|K[0]  ; clk          ; inst2       ; 1.000        ; 1.079      ; 1.266      ;
; -0.020 ; inst5     ; insideMachine:inst6|K[0]  ; clk          ; inst2       ; 1.000        ; 1.079      ; 1.146      ;
; 0.019  ; inst5     ; insideMachine2:inst7|J[2] ; clk          ; inst2       ; 1.000        ; 1.100      ; 1.133      ;
; 0.338  ; inst3     ; insideMachine2:inst7|J[0] ; clk          ; inst2       ; 1.000        ; 1.080      ; 0.745      ;
; 0.360  ; inst4     ; insideMachine2:inst7|J[1] ; clk          ; inst2       ; 1.000        ; 1.256      ; 0.946      ;
; 1.909  ; inst2     ; insideMachine:inst6|K[0]  ; inst2        ; inst2       ; 0.500        ; 3.680      ; 1.568      ;
; 2.409  ; inst2     ; insideMachine:inst6|K[0]  ; inst2        ; inst2       ; 1.000        ; 3.680      ; 1.568      ;
+--------+-----------+---------------------------+--------------+-------------+--------------+------------+------------+


+----------------------------------------------------------------------------------------------------------------------+
; Slow Model Hold: 'inst2'                                                                                             ;
+--------+-----------+---------------------------+--------------+-------------+--------------+------------+------------+
; Slack  ; From Node ; To Node                   ; Launch Clock ; Latch Clock ; Relationship ; Clock Skew ; Data Delay ;
+--------+-----------+---------------------------+--------------+-------------+--------------+------------+------------+
; -2.362 ; inst2     ; insideMachine:inst6|K[0]  ; inst2        ; inst2       ; 0.000        ; 3.680      ; 1.568      ;
; -1.862 ; inst2     ; insideMachine:inst6|K[0]  ; inst2        ; inst2       ; -0.500       ; 3.680      ; 1.568      ;
; -0.335 ; inst3     ; insideMachine2:inst7|J[0] ; clk          ; inst2       ; 0.000        ; 1.080      ; 0.745      ;
; -0.310 ; inst4     ; insideMachine2:inst7|J[1] ; clk          ; inst2       ; 0.000        ; 1.256      ; 0.946      ;
; 0.033  ; inst5     ; insideMachine2:inst7|J[2] ; clk          ; inst2       ; 0.000        ; 1.100      ; 1.133      ;
; 0.067  ; inst5     ; insideMachine:inst6|K[0]  ; clk          ; inst2       ; 0.000        ; 1.079      ; 1.146      ;
; 0.187  ; inst4     ; insideMachine:inst6|K[0]  ; clk          ; inst2       ; 0.000        ; 1.079      ; 1.266      ;
+--------+-----------+---------------------------+--------------+-------------+--------------+------------+------------+


+----------------------------------------------------------------------------------------------------+
; Slow Model Hold: 'clk'                                                                             ;
+--------+-----------+---------+--------------+-------------+--------------+------------+------------+
; Slack  ; From Node ; To Node ; Launch Clock ; Latch Clock ; Relationship ; Clock Skew ; Data Delay ;
+--------+-----------+---------+--------------+-------------+--------------+------------+------------+
; -1.221 ; inst2     ; inst2   ; inst2        ; clk         ; 0.000        ; 2.601      ; 1.896      ;
; -1.200 ; inst2     ; inst3   ; inst2        ; clk         ; 0.000        ; 2.601      ; 1.917      ;
; -0.823 ; inst2     ; inst5   ; inst2        ; clk         ; 0.000        ; 2.601      ; 2.294      ;
; -0.721 ; inst2     ; inst2   ; inst2        ; clk         ; -0.500       ; 2.601      ; 1.896      ;
; -0.700 ; inst2     ; inst3   ; inst2        ; clk         ; -0.500       ; 2.601      ; 1.917      ;
; -0.538 ; inst2     ; inst4   ; inst2        ; clk         ; 0.000        ; 2.601      ; 2.579      ;
; -0.323 ; inst2     ; inst5   ; inst2        ; clk         ; -0.500       ; 2.601      ; 2.294      ;
; -0.038 ; inst2     ; inst4   ; inst2        ; clk         ; -0.500       ; 2.601      ; 2.579      ;
; 0.391  ; inst5     ; inst5   ; clk          ; clk         ; 0.000        ; 0.000      ; 0.657      ;
; 1.206  ; inst4     ; inst4   ; clk          ; clk         ; 0.000        ; 0.000      ; 1.472      ;
; 1.660  ; inst3     ; inst3   ; clk          ; clk         ; 0.000        ; 0.000      ; 1.926      ;
; 1.748  ; inst3     ; inst2   ; clk          ; clk         ; 0.000        ; 0.000      ; 2.014      ;
; 1.845  ; inst4     ; inst5   ; clk          ; clk         ; 0.000        ; 0.000      ; 2.111      ;
; 1.856  ; inst4     ; inst2   ; clk          ; clk         ; 0.000        ; 0.000      ; 2.122      ;
; 1.893  ; inst3     ; inst4   ; clk          ; clk         ; 0.000        ; 0.000      ; 2.159      ;
; 1.905  ; inst3     ; inst5   ; clk          ; clk         ; 0.000        ; 0.000      ; 2.171      ;
; 1.925  ; inst5     ; inst3   ; clk          ; clk         ; 0.000        ; 0.000      ; 2.191      ;
; 2.001  ; inst5     ; inst2   ; clk          ; clk         ; 0.000        ; 0.000      ; 2.267      ;
; 2.034  ; inst5     ; inst4   ; clk          ; clk         ; 0.000        ; 0.000      ; 2.300      ;
; 2.074  ; inst4     ; inst3   ; clk          ; clk         ; 0.000        ; 0.000      ; 2.340      ;
+--------+-----------+---------+--------------+-------------+--------------+------------+------------+


+----------------------------------------------------------------------------------------------+
; Slow Model Minimum Pulse Width: 'clk'                                                        ;
+--------+--------------+----------------+------------------+-------+------------+-------------+
; Slack  ; Actual Width ; Required Width ; Type             ; Clock ; Clock Edge ; Target      ;
+--------+--------------+----------------+------------------+-------+------------+-------------+
; -1.222 ; 1.000        ; 2.222          ; Port Rate        ; clk   ; Rise       ; clk         ;
; -0.500 ; 0.500        ; 1.000          ; High Pulse Width ; clk   ; Rise       ; inst2       ;
; -0.500 ; 0.500        ; 1.000          ; Low Pulse Width  ; clk   ; Rise       ; inst2       ;
; -0.500 ; 0.500        ; 1.000          ; High Pulse Width ; clk   ; Rise       ; inst3       ;
; -0.500 ; 0.500        ; 1.000          ; Low Pulse Width  ; clk   ; Rise       ; inst3       ;
; -0.500 ; 0.500        ; 1.000          ; High Pulse Width ; clk   ; Rise       ; inst4       ;
; -0.500 ; 0.500        ; 1.000          ; Low Pulse Width  ; clk   ; Rise       ; inst4       ;
; -0.500 ; 0.500        ; 1.000          ; High Pulse Width ; clk   ; Rise       ; inst5       ;
; -0.500 ; 0.500        ; 1.000          ; Low Pulse Width  ; clk   ; Rise       ; inst5       ;
; 0.500  ; 0.500        ; 0.000          ; High Pulse Width ; clk   ; Rise       ; clk|combout ;
; 0.500  ; 0.500        ; 0.000          ; Low Pulse Width  ; clk   ; Rise       ; clk|combout ;
; 0.500  ; 0.500        ; 0.000          ; High Pulse Width ; clk   ; Rise       ; inst2|clk   ;
; 0.500  ; 0.500        ; 0.000          ; Low Pulse Width  ; clk   ; Rise       ; inst2|clk   ;
; 0.500  ; 0.500        ; 0.000          ; High Pulse Width ; clk   ; Rise       ; inst3|clk   ;
; 0.500  ; 0.500        ; 0.000          ; Low Pulse Width  ; clk   ; Rise       ; inst3|clk   ;
; 0.500  ; 0.500        ; 0.000          ; High Pulse Width ; clk   ; Rise       ; inst4|clk   ;
; 0.500  ; 0.500        ; 0.000          ; Low Pulse Width  ; clk   ; Rise       ; inst4|clk   ;
; 0.500  ; 0.500        ; 0.000          ; High Pulse Width ; clk   ; Rise       ; inst5|clk   ;
; 0.500  ; 0.500        ; 0.000          ; Low Pulse Width  ; clk   ; Rise       ; inst5|clk   ;
+--------+--------------+----------------+------------------+-------+------------+-------------+


+-----------------------------------------------------------------------------------------------------------------+
; Slow Model Minimum Pulse Width: 'inst2'                                                                         ;
+-------+--------------+----------------+------------------+-------+------------+---------------------------------+
; Slack ; Actual Width ; Required Width ; Type             ; Clock ; Clock Edge ; Target                          ;
+-------+--------------+----------------+------------------+-------+------------+---------------------------------+
; 0.500 ; 0.500        ; 0.000          ; High Pulse Width ; inst2 ; Rise       ; insideMachine2:inst7|J[0]       ;
; 0.500 ; 0.500        ; 0.000          ; Low Pulse Width  ; inst2 ; Rise       ; insideMachine2:inst7|J[0]       ;
; 0.500 ; 0.500        ; 0.000          ; High Pulse Width ; inst2 ; Rise       ; insideMachine2:inst7|J[1]       ;
; 0.500 ; 0.500        ; 0.000          ; Low Pulse Width  ; inst2 ; Rise       ; insideMachine2:inst7|J[1]       ;
; 0.500 ; 0.500        ; 0.000          ; High Pulse Width ; inst2 ; Rise       ; insideMachine2:inst7|J[2]       ;
; 0.500 ; 0.500        ; 0.000          ; Low Pulse Width  ; inst2 ; Rise       ; insideMachine2:inst7|J[2]       ;
; 0.500 ; 0.500        ; 0.000          ; High Pulse Width ; inst2 ; Rise       ; insideMachine:inst6|K[0]        ;
; 0.500 ; 0.500        ; 0.000          ; Low Pulse Width  ; inst2 ; Rise       ; insideMachine:inst6|K[0]        ;
; 0.500 ; 0.500        ; 0.000          ; High Pulse Width ; inst2 ; Rise       ; inst2|regout                    ;
; 0.500 ; 0.500        ; 0.000          ; Low Pulse Width  ; inst2 ; Rise       ; inst2|regout                    ;
; 0.500 ; 0.500        ; 0.000          ; High Pulse Width ; inst2 ; Rise       ; inst6|K[0]|datac                ;
; 0.500 ; 0.500        ; 0.000          ; Low Pulse Width  ; inst2 ; Rise       ; inst6|K[0]|datac                ;
; 0.500 ; 0.500        ; 0.000          ; High Pulse Width ; inst2 ; Rise       ; inst6|WideOr0~0clkctrl|inclk[0] ;
; 0.500 ; 0.500        ; 0.000          ; Low Pulse Width  ; inst2 ; Rise       ; inst6|WideOr0~0clkctrl|inclk[0] ;
; 0.500 ; 0.500        ; 0.000          ; High Pulse Width ; inst2 ; Rise       ; inst6|WideOr0~0clkctrl|outclk   ;
; 0.500 ; 0.500        ; 0.000          ; Low Pulse Width  ; inst2 ; Rise       ; inst6|WideOr0~0clkctrl|outclk   ;
; 0.500 ; 0.500        ; 0.000          ; High Pulse Width ; inst2 ; Rise       ; inst6|WideOr0~0|combout         ;
; 0.500 ; 0.500        ; 0.000          ; Low Pulse Width  ; inst2 ; Rise       ; inst6|WideOr0~0|combout         ;
; 0.500 ; 0.500        ; 0.000          ; High Pulse Width ; inst2 ; Rise       ; inst6|WideOr0~0|datab           ;
; 0.500 ; 0.500        ; 0.000          ; Low Pulse Width  ; inst2 ; Rise       ; inst6|WideOr0~0|datab           ;
; 0.500 ; 0.500        ; 0.000          ; High Pulse Width ; inst2 ; Rise       ; inst7|J[0]|datac                ;
; 0.500 ; 0.500        ; 0.000          ; Low Pulse Width  ; inst2 ; Rise       ; inst7|J[0]|datac                ;
; 0.500 ; 0.500        ; 0.000          ; High Pulse Width ; inst2 ; Rise       ; inst7|J[1]|datab                ;
; 0.500 ; 0.500        ; 0.000          ; Low Pulse Width  ; inst2 ; Rise       ; inst7|J[1]|datab                ;
; 0.500 ; 0.500        ; 0.000          ; High Pulse Width ; inst2 ; Rise       ; inst7|J[2]|datac                ;
; 0.500 ; 0.500        ; 0.000          ; Low Pulse Width  ; inst2 ; Rise       ; inst7|J[2]|datac                ;
+-------+--------------+----------------+------------------+-------+------------+---------------------------------+


+-----------------------------------------------------------------------+
; Setup Times                                                           ;
+-----------+------------+-------+-------+------------+-----------------+
; Data Port ; Clock Port ; Rise  ; Fall  ; Clock Edge ; Clock Reference ;
+-----------+------------+-------+-------+------------+-----------------+
; ci0       ; clk        ; 5.696 ; 5.696 ; Rise       ; clk             ;
; ci1       ; clk        ; 5.944 ; 5.944 ; Rise       ; clk             ;
; ps0       ; clk        ; 5.846 ; 5.846 ; Rise       ; clk             ;
; ps1       ; clk        ; 5.964 ; 5.964 ; Rise       ; clk             ;
+-----------+------------+-------+-------+------------+-----------------+


+-------------------------------------------------------------------------+
; Hold Times                                                              ;
+-----------+------------+--------+--------+------------+-----------------+
; Data Port ; Clock Port ; Rise   ; Fall   ; Clock Edge ; Clock Reference ;
+-----------+------------+--------+--------+------------+-----------------+
; ci0       ; clk        ; -3.971 ; -3.971 ; Rise       ; clk             ;
; ci1       ; clk        ; -3.922 ; -3.922 ; Rise       ; clk             ;
; ps0       ; clk        ; -3.744 ; -3.744 ; Rise       ; clk             ;
; ps1       ; clk        ; -3.453 ; -3.453 ; Rise       ; clk             ;
+-----------+------------+--------+--------+------------+-----------------+


+-------------------------------------------------------------------------+
; Clock to Output Times                                                   ;
+-----------+------------+--------+--------+------------+-----------------+
; Data Port ; Clock Port ; Rise   ; Fall   ; Clock Edge ; Clock Reference ;
+-----------+------------+--------+--------+------------+-----------------+
; outC[*]   ; inst2      ; 10.934 ; 10.934 ; Rise       ; inst2           ;
;  outC[0]  ; inst2      ; 10.576 ; 10.576 ; Rise       ; inst2           ;
;  outC[2]  ; inst2      ; 10.586 ; 10.586 ; Rise       ; inst2           ;
;  outC[5]  ; inst2      ; 10.934 ; 10.934 ; Rise       ; inst2           ;
; outD[*]   ; inst2      ; 12.066 ; 12.066 ; Rise       ; inst2           ;
;  outD[0]  ; inst2      ; 12.066 ; 12.066 ; Rise       ; inst2           ;
;  outD[1]  ; inst2      ; 12.055 ; 12.055 ; Rise       ; inst2           ;
;  outD[2]  ; inst2      ; 11.852 ; 11.852 ; Rise       ; inst2           ;
;  outD[3]  ; inst2      ; 11.810 ; 11.810 ; Rise       ; inst2           ;
;  outD[4]  ; inst2      ; 11.852 ; 11.852 ; Rise       ; inst2           ;
;  outD[5]  ; inst2      ; 11.809 ; 11.809 ; Rise       ; inst2           ;
;  outD[6]  ; inst2      ; 11.964 ; 11.964 ; Rise       ; inst2           ;
+-----------+------------+--------+--------+------------+-----------------+


+-------------------------------------------------------------------------+
; Minimum Clock to Output Times                                           ;
+-----------+------------+--------+--------+------------+-----------------+
; Data Port ; Clock Port ; Rise   ; Fall   ; Clock Edge ; Clock Reference ;
+-----------+------------+--------+--------+------------+-----------------+
; outC[*]   ; inst2      ; 10.576 ; 10.576 ; Rise       ; inst2           ;
;  outC[0]  ; inst2      ; 10.576 ; 10.576 ; Rise       ; inst2           ;
;  outC[2]  ; inst2      ; 10.586 ; 10.586 ; Rise       ; inst2           ;
;  outC[5]  ; inst2      ; 10.934 ; 10.934 ; Rise       ; inst2           ;
; outD[*]   ; inst2      ; 10.322 ; 10.322 ; Rise       ; inst2           ;
;  outD[0]  ; inst2      ; 10.581 ; 10.581 ; Rise       ; inst2           ;
;  outD[1]  ; inst2      ; 10.607 ; 10.607 ; Rise       ; inst2           ;
;  outD[2]  ; inst2      ; 10.396 ; 10.396 ; Rise       ; inst2           ;
;  outD[3]  ; inst2      ; 10.329 ; 10.329 ; Rise       ; inst2           ;
;  outD[4]  ; inst2      ; 10.401 ; 10.401 ; Rise       ; inst2           ;
;  outD[5]  ; inst2      ; 10.322 ; 10.322 ; Rise       ; inst2           ;
;  outD[6]  ; inst2      ; 10.473 ; 10.473 ; Rise       ; inst2           ;
+-----------+------------+--------+--------+------------+-----------------+


+--------------------------------------------------------------+
; Propagation Delay                                            ;
+------------+-------------+--------+--------+--------+--------+
; Input Port ; Output Port ; RR     ; RF     ; FR     ; FF     ;
+------------+-------------+--------+--------+--------+--------+
; ci0        ; outO[0]     ;        ; 8.798  ; 8.798  ;        ;
; ci0        ; outO[2]     ; 8.818  ;        ;        ; 8.818  ;
; ci0        ; outO[5]     ; 8.537  ;        ;        ; 8.537  ;
; ci0        ; outT[0]     ;        ; 9.836  ; 9.836  ;        ;
; ci0        ; outT[2]     ;        ; 10.492 ; 10.492 ;        ;
; ci0        ; outT[3]     ;        ; 10.492 ; 10.492 ;        ;
; ci0        ; outT[4]     ; 9.791  ;        ;        ; 9.791  ;
; ci0        ; outT[6]     ;        ; 10.522 ; 10.522 ;        ;
; ci1        ; outT[0]     ;        ; 9.759  ; 9.759  ;        ;
; ci1        ; outT[1]     ; 9.198  ;        ;        ; 9.198  ;
; ci1        ; outT[2]     ; 10.538 ;        ;        ; 10.538 ;
; ci1        ; outT[3]     ; 10.538 ;        ;        ; 10.538 ;
; ci1        ; outT[4]     ; 9.714  ;        ;        ; 9.714  ;
; ci1        ; outT[6]     ; 10.568 ;        ;        ; 10.568 ;
; ps0        ; PsA[1]      ; 9.462  ;        ;        ; 9.462  ;
; ps0        ; PsA[2]      ; 8.287  ;        ;        ; 8.287  ;
; ps0        ; PsA[3]      ; 9.151  ;        ;        ; 9.151  ;
; ps0        ; PsA[4]      ;        ; 9.008  ; 9.008  ;        ;
; ps0        ; PsA[6]      ; 9.000  ;        ;        ; 9.000  ;
; ps1        ; PsA[0]      ;        ; 8.292  ; 8.292  ;        ;
; ps1        ; PsA[1]      ; 9.587  ;        ;        ; 9.587  ;
; ps1        ; PsA[3]      ;        ; 9.016  ; 9.016  ;        ;
; ps1        ; PsA[4]      ; 8.873  ;        ;        ; 8.873  ;
; ps1        ; PsA[6]      ;        ; 8.865  ; 8.865  ;        ;
+------------+-------------+--------+--------+--------+--------+


+--------------------------------------------------------------+
; Minimum Propagation Delay                                    ;
+------------+-------------+--------+--------+--------+--------+
; Input Port ; Output Port ; RR     ; RF     ; FR     ; FF     ;
+------------+-------------+--------+--------+--------+--------+
; ci0        ; outO[0]     ;        ; 8.798  ; 8.798  ;        ;
; ci0        ; outO[2]     ; 8.818  ;        ;        ; 8.818  ;
; ci0        ; outO[5]     ; 8.537  ;        ;        ; 8.537  ;
; ci0        ; outT[0]     ;        ; 9.836  ; 9.836  ;        ;
; ci0        ; outT[2]     ;        ; 10.492 ; 10.492 ;        ;
; ci0        ; outT[3]     ;        ; 10.492 ; 10.492 ;        ;
; ci0        ; outT[4]     ; 9.791  ;        ;        ; 9.791  ;
; ci0        ; outT[6]     ;        ; 10.522 ; 10.522 ;        ;
; ci1        ; outT[0]     ;        ; 9.759  ; 9.759  ;        ;
; ci1        ; outT[1]     ; 9.198  ;        ;        ; 9.198  ;
; ci1        ; outT[2]     ; 10.538 ;        ;        ; 10.538 ;
; ci1        ; outT[3]     ; 10.538 ;        ;        ; 10.538 ;
; ci1        ; outT[4]     ; 9.714  ;        ;        ; 9.714  ;
; ci1        ; outT[6]     ; 10.568 ;        ;        ; 10.568 ;
; ps0        ; PsA[1]      ; 9.462  ;        ;        ; 9.462  ;
; ps0        ; PsA[2]      ; 8.287  ;        ;        ; 8.287  ;
; ps0        ; PsA[3]      ; 9.151  ;        ;        ; 9.151  ;
; ps0        ; PsA[4]      ;        ; 9.008  ; 9.008  ;        ;
; ps0        ; PsA[6]      ; 9.000  ;        ;        ; 9.000  ;
; ps1        ; PsA[0]      ;        ; 8.292  ; 8.292  ;        ;
; ps1        ; PsA[1]      ; 9.587  ;        ;        ; 9.587  ;
; ps1        ; PsA[3]      ;        ; 9.016  ; 9.016  ;        ;
; ps1        ; PsA[4]      ; 8.873  ;        ;        ; 8.873  ;
; ps1        ; PsA[6]      ;        ; 8.865  ; 8.865  ;        ;
+------------+-------------+--------+--------+--------+--------+


+--------------------------------+
; Fast Model Setup Summary       ;
+-------+--------+---------------+
; Clock ; Slack  ; End Point TNS ;
+-------+--------+---------------+
; clk   ; -0.289 ; -0.499        ;
; inst2 ; 0.583  ; 0.000         ;
+-------+--------+---------------+


+--------------------------------+
; Fast Model Hold Summary        ;
+-------+--------+---------------+
; Clock ; Slack  ; End Point TNS ;
+-------+--------+---------------+
; inst2 ; -1.367 ; -1.789        ;
; clk   ; -0.819 ; -2.811        ;
+-------+--------+---------------+


-------------------------------
; Fast Model Recovery Summary ;
-------------------------------
No paths to report.


------------------------------
; Fast Model Removal Summary ;
------------------------------
No paths to report.


+----------------------------------------+
; Fast Model Minimum Pulse Width Summary ;
+-------+--------+-----------------------+
; Clock ; Slack  ; End Point TNS         ;
+-------+--------+-----------------------+
; clk   ; -1.222 ; -5.222                ;
; inst2 ; 0.500  ; 0.000                 ;
+-------+--------+-----------------------+


+----------------------------------------------------------------------------------------------------+
; Fast Model Setup: 'clk'                                                                            ;
+--------+-----------+---------+--------------+-------------+--------------+------------+------------+
; Slack  ; From Node ; To Node ; Launch Clock ; Latch Clock ; Relationship ; Clock Skew ; Data Delay ;
+--------+-----------+---------+--------------+-------------+--------------+------------+------------+
; -0.289 ; inst4     ; inst3   ; clk          ; clk         ; 1.000        ; 0.000      ; 1.321      ;
; -0.210 ; inst5     ; inst3   ; clk          ; clk         ; 1.000        ; 0.000      ; 1.242      ;
; -0.162 ; inst4     ; inst4   ; clk          ; clk         ; 1.000        ; 0.000      ; 1.194      ;
; -0.153 ; inst5     ; inst4   ; clk          ; clk         ; 1.000        ; 0.000      ; 1.185      ;
; -0.107 ; inst3     ; inst4   ; clk          ; clk         ; 1.000        ; 0.000      ; 1.139      ;
; -0.064 ; inst3     ; inst3   ; clk          ; clk         ; 1.000        ; 0.000      ; 1.096      ;
; -0.034 ; inst4     ; inst5   ; clk          ; clk         ; 1.000        ; 0.000      ; 1.066      ;
; -0.014 ; inst5     ; inst2   ; clk          ; clk         ; 1.000        ; 0.000      ; 1.046      ;
; 0.035  ; inst3     ; inst5   ; clk          ; clk         ; 1.000        ; 0.000      ; 0.997      ;
; 0.046  ; inst4     ; inst2   ; clk          ; clk         ; 1.000        ; 0.000      ; 0.986      ;
; 0.113  ; inst3     ; inst2   ; clk          ; clk         ; 1.000        ; 0.000      ; 0.919      ;
; 0.665  ; inst5     ; inst5   ; clk          ; clk         ; 1.000        ; 0.000      ; 0.367      ;
; 0.768  ; inst2     ; inst3   ; inst2        ; clk         ; 0.500        ; 1.390      ; 1.295      ;
; 0.806  ; inst2     ; inst4   ; inst2        ; clk         ; 0.500        ; 1.390      ; 1.257      ;
; 0.945  ; inst2     ; inst2   ; inst2        ; clk         ; 0.500        ; 1.390      ; 1.118      ;
; 0.964  ; inst2     ; inst5   ; inst2        ; clk         ; 0.500        ; 1.390      ; 1.099      ;
; 1.268  ; inst2     ; inst3   ; inst2        ; clk         ; 1.000        ; 1.390      ; 1.295      ;
; 1.306  ; inst2     ; inst4   ; inst2        ; clk         ; 1.000        ; 1.390      ; 1.257      ;
; 1.445  ; inst2     ; inst2   ; inst2        ; clk         ; 1.000        ; 1.390      ; 1.118      ;
; 1.464  ; inst2     ; inst5   ; inst2        ; clk         ; 1.000        ; 1.390      ; 1.099      ;
+--------+-----------+---------+--------------+-------------+--------------+------------+------------+


+---------------------------------------------------------------------------------------------------------------------+
; Fast Model Setup: 'inst2'                                                                                           ;
+-------+-----------+---------------------------+--------------+-------------+--------------+------------+------------+
; Slack ; From Node ; To Node                   ; Launch Clock ; Latch Clock ; Relationship ; Clock Skew ; Data Delay ;
+-------+-----------+---------------------------+--------------+-------------+--------------+------------+------------+
; 0.583 ; inst4     ; insideMachine:inst6|K[0]  ; clk          ; inst2       ; 1.000        ; 0.567      ; 0.585      ;
; 0.627 ; inst5     ; insideMachine:inst6|K[0]  ; clk          ; inst2       ; 1.000        ; 0.567      ; 0.541      ;
; 0.647 ; inst5     ; insideMachine2:inst7|J[2] ; clk          ; inst2       ; 1.000        ; 0.576      ; 0.540      ;
; 0.784 ; inst3     ; insideMachine2:inst7|J[0] ; clk          ; inst2       ; 1.000        ; 0.565      ; 0.372      ;
; 0.802 ; inst4     ; insideMachine2:inst7|J[1] ; clk          ; inst2       ; 1.000        ; 0.653      ; 0.460      ;
; 1.468 ; inst2     ; insideMachine:inst6|K[0]  ; inst2        ; inst2       ; 0.500        ; 1.957      ; 0.731      ;
; 1.968 ; inst2     ; insideMachine:inst6|K[0]  ; inst2        ; inst2       ; 1.000        ; 1.957      ; 0.731      ;
+-------+-----------+---------------------------+--------------+-------------+--------------+------------+------------+


+----------------------------------------------------------------------------------------------------------------------+
; Fast Model Hold: 'inst2'                                                                                             ;
+--------+-----------+---------------------------+--------------+-------------+--------------+------------+------------+
; Slack  ; From Node ; To Node                   ; Launch Clock ; Latch Clock ; Relationship ; Clock Skew ; Data Delay ;
+--------+-----------+---------------------------+--------------+-------------+--------------+------------+------------+
; -1.367 ; inst2     ; insideMachine:inst6|K[0]  ; inst2        ; inst2       ; 0.000        ; 1.957      ; 0.731      ;
; -0.867 ; inst2     ; insideMachine:inst6|K[0]  ; inst2        ; inst2       ; -0.500       ; 1.957      ; 0.731      ;
; -0.193 ; inst3     ; insideMachine2:inst7|J[0] ; clk          ; inst2       ; 0.000        ; 0.565      ; 0.372      ;
; -0.193 ; inst4     ; insideMachine2:inst7|J[1] ; clk          ; inst2       ; 0.000        ; 0.653      ; 0.460      ;
; -0.036 ; inst5     ; insideMachine2:inst7|J[2] ; clk          ; inst2       ; 0.000        ; 0.576      ; 0.540      ;
; -0.026 ; inst5     ; insideMachine:inst6|K[0]  ; clk          ; inst2       ; 0.000        ; 0.567      ; 0.541      ;
; 0.018  ; inst4     ; insideMachine:inst6|K[0]  ; clk          ; inst2       ; 0.000        ; 0.567      ; 0.585      ;
+--------+-----------+---------------------------+--------------+-------------+--------------+------------+------------+


+----------------------------------------------------------------------------------------------------+
; Fast Model Hold: 'clk'                                                                             ;
+--------+-----------+---------+--------------+-------------+--------------+------------+------------+
; Slack  ; From Node ; To Node ; Launch Clock ; Latch Clock ; Relationship ; Clock Skew ; Data Delay ;
+--------+-----------+---------+--------------+-------------+--------------+------------+------------+
; -0.819 ; inst2     ; inst3   ; inst2        ; clk         ; 0.000        ; 1.390      ; 0.864      ;
; -0.815 ; inst2     ; inst2   ; inst2        ; clk         ; 0.000        ; 1.390      ; 0.868      ;
; -0.642 ; inst2     ; inst5   ; inst2        ; clk         ; 0.000        ; 1.390      ; 1.041      ;
; -0.535 ; inst2     ; inst4   ; inst2        ; clk         ; 0.000        ; 1.390      ; 1.148      ;
; -0.319 ; inst2     ; inst3   ; inst2        ; clk         ; -0.500       ; 1.390      ; 0.864      ;
; -0.315 ; inst2     ; inst2   ; inst2        ; clk         ; -0.500       ; 1.390      ; 0.868      ;
; -0.142 ; inst2     ; inst5   ; inst2        ; clk         ; -0.500       ; 1.390      ; 1.041      ;
; -0.035 ; inst2     ; inst4   ; inst2        ; clk         ; -0.500       ; 1.390      ; 1.148      ;
; 0.215  ; inst5     ; inst5   ; clk          ; clk         ; 0.000        ; 0.000      ; 0.367      ;
; 0.566  ; inst4     ; inst4   ; clk          ; clk         ; 0.000        ; 0.000      ; 0.718      ;
; 0.716  ; inst3     ; inst3   ; clk          ; clk         ; 0.000        ; 0.000      ; 0.868      ;
; 0.767  ; inst3     ; inst2   ; clk          ; clk         ; 0.000        ; 0.000      ; 0.919      ;
; 0.798  ; inst4     ; inst5   ; clk          ; clk         ; 0.000        ; 0.000      ; 0.950      ;
; 0.822  ; inst4     ; inst2   ; clk          ; clk         ; 0.000        ; 0.000      ; 0.974      ;
; 0.830  ; inst3     ; inst4   ; clk          ; clk         ; 0.000        ; 0.000      ; 0.982      ;
; 0.839  ; inst3     ; inst5   ; clk          ; clk         ; 0.000        ; 0.000      ; 0.991      ;
; 0.843  ; inst5     ; inst3   ; clk          ; clk         ; 0.000        ; 0.000      ; 0.995      ;
; 0.870  ; inst5     ; inst2   ; clk          ; clk         ; 0.000        ; 0.000      ; 1.022      ;
; 0.887  ; inst5     ; inst4   ; clk          ; clk         ; 0.000        ; 0.000      ; 1.039      ;
; 0.906  ; inst4     ; inst3   ; clk          ; clk         ; 0.000        ; 0.000      ; 1.058      ;
+--------+-----------+---------+--------------+-------------+--------------+------------+------------+


+----------------------------------------------------------------------------------------------+
; Fast Model Minimum Pulse Width: 'clk'                                                        ;
+--------+--------------+----------------+------------------+-------+------------+-------------+
; Slack  ; Actual Width ; Required Width ; Type             ; Clock ; Clock Edge ; Target      ;
+--------+--------------+----------------+------------------+-------+------------+-------------+
; -1.222 ; 1.000        ; 2.222          ; Port Rate        ; clk   ; Rise       ; clk         ;
; -0.500 ; 0.500        ; 1.000          ; High Pulse Width ; clk   ; Rise       ; inst2       ;
; -0.500 ; 0.500        ; 1.000          ; Low Pulse Width  ; clk   ; Rise       ; inst2       ;
; -0.500 ; 0.500        ; 1.000          ; High Pulse Width ; clk   ; Rise       ; inst3       ;
; -0.500 ; 0.500        ; 1.000          ; Low Pulse Width  ; clk   ; Rise       ; inst3       ;
; -0.500 ; 0.500        ; 1.000          ; High Pulse Width ; clk   ; Rise       ; inst4       ;
; -0.500 ; 0.500        ; 1.000          ; Low Pulse Width  ; clk   ; Rise       ; inst4       ;
; -0.500 ; 0.500        ; 1.000          ; High Pulse Width ; clk   ; Rise       ; inst5       ;
; -0.500 ; 0.500        ; 1.000          ; Low Pulse Width  ; clk   ; Rise       ; inst5       ;
; 0.500  ; 0.500        ; 0.000          ; High Pulse Width ; clk   ; Rise       ; clk|combout ;
; 0.500  ; 0.500        ; 0.000          ; Low Pulse Width  ; clk   ; Rise       ; clk|combout ;
; 0.500  ; 0.500        ; 0.000          ; High Pulse Width ; clk   ; Rise       ; inst2|clk   ;
; 0.500  ; 0.500        ; 0.000          ; Low Pulse Width  ; clk   ; Rise       ; inst2|clk   ;
; 0.500  ; 0.500        ; 0.000          ; High Pulse Width ; clk   ; Rise       ; inst3|clk   ;
; 0.500  ; 0.500        ; 0.000          ; Low Pulse Width  ; clk   ; Rise       ; inst3|clk   ;
; 0.500  ; 0.500        ; 0.000          ; High Pulse Width ; clk   ; Rise       ; inst4|clk   ;
; 0.500  ; 0.500        ; 0.000          ; Low Pulse Width  ; clk   ; Rise       ; inst4|clk   ;
; 0.500  ; 0.500        ; 0.000          ; High Pulse Width ; clk   ; Rise       ; inst5|clk   ;
; 0.500  ; 0.500        ; 0.000          ; Low Pulse Width  ; clk   ; Rise       ; inst5|clk   ;
+--------+--------------+----------------+------------------+-------+------------+-------------+


+-----------------------------------------------------------------------------------------------------------------+
; Fast Model Minimum Pulse Width: 'inst2'                                                                         ;
+-------+--------------+----------------+------------------+-------+------------+---------------------------------+
; Slack ; Actual Width ; Required Width ; Type             ; Clock ; Clock Edge ; Target                          ;
+-------+--------------+----------------+------------------+-------+------------+---------------------------------+
; 0.500 ; 0.500        ; 0.000          ; High Pulse Width ; inst2 ; Rise       ; insideMachine2:inst7|J[0]       ;
; 0.500 ; 0.500        ; 0.000          ; Low Pulse Width  ; inst2 ; Rise       ; insideMachine2:inst7|J[0]       ;
; 0.500 ; 0.500        ; 0.000          ; High Pulse Width ; inst2 ; Rise       ; insideMachine2:inst7|J[1]       ;
; 0.500 ; 0.500        ; 0.000          ; Low Pulse Width  ; inst2 ; Rise       ; insideMachine2:inst7|J[1]       ;
; 0.500 ; 0.500        ; 0.000          ; High Pulse Width ; inst2 ; Rise       ; insideMachine2:inst7|J[2]       ;
; 0.500 ; 0.500        ; 0.000          ; Low Pulse Width  ; inst2 ; Rise       ; insideMachine2:inst7|J[2]       ;
; 0.500 ; 0.500        ; 0.000          ; High Pulse Width ; inst2 ; Rise       ; insideMachine:inst6|K[0]        ;
; 0.500 ; 0.500        ; 0.000          ; Low Pulse Width  ; inst2 ; Rise       ; insideMachine:inst6|K[0]        ;
; 0.500 ; 0.500        ; 0.000          ; High Pulse Width ; inst2 ; Rise       ; inst2|regout                    ;
; 0.500 ; 0.500        ; 0.000          ; Low Pulse Width  ; inst2 ; Rise       ; inst2|regout                    ;
; 0.500 ; 0.500        ; 0.000          ; High Pulse Width ; inst2 ; Rise       ; inst6|K[0]|datac                ;
; 0.500 ; 0.500        ; 0.000          ; Low Pulse Width  ; inst2 ; Rise       ; inst6|K[0]|datac                ;
; 0.500 ; 0.500        ; 0.000          ; High Pulse Width ; inst2 ; Rise       ; inst6|WideOr0~0clkctrl|inclk[0] ;
; 0.500 ; 0.500        ; 0.000          ; Low Pulse Width  ; inst2 ; Rise       ; inst6|WideOr0~0clkctrl|inclk[0] ;
; 0.500 ; 0.500        ; 0.000          ; High Pulse Width ; inst2 ; Rise       ; inst6|WideOr0~0clkctrl|outclk   ;
; 0.500 ; 0.500        ; 0.000          ; Low Pulse Width  ; inst2 ; Rise       ; inst6|WideOr0~0clkctrl|outclk   ;
; 0.500 ; 0.500        ; 0.000          ; High Pulse Width ; inst2 ; Rise       ; inst6|WideOr0~0|combout         ;
; 0.500 ; 0.500        ; 0.000          ; Low Pulse Width  ; inst2 ; Rise       ; inst6|WideOr0~0|combout         ;
; 0.500 ; 0.500        ; 0.000          ; High Pulse Width ; inst2 ; Rise       ; inst6|WideOr0~0|datab           ;
; 0.500 ; 0.500        ; 0.000          ; Low Pulse Width  ; inst2 ; Rise       ; inst6|WideOr0~0|datab           ;
; 0.500 ; 0.500        ; 0.000          ; High Pulse Width ; inst2 ; Rise       ; inst7|J[0]|datac                ;
; 0.500 ; 0.500        ; 0.000          ; Low Pulse Width  ; inst2 ; Rise       ; inst7|J[0]|datac                ;
; 0.500 ; 0.500        ; 0.000          ; High Pulse Width ; inst2 ; Rise       ; inst7|J[1]|datab                ;
; 0.500 ; 0.500        ; 0.000          ; Low Pulse Width  ; inst2 ; Rise       ; inst7|J[1]|datab                ;
; 0.500 ; 0.500        ; 0.000          ; High Pulse Width ; inst2 ; Rise       ; inst7|J[2]|datac                ;
; 0.500 ; 0.500        ; 0.000          ; Low Pulse Width  ; inst2 ; Rise       ; inst7|J[2]|datac                ;
+-------+--------------+----------------+------------------+-------+------------+---------------------------------+


+-----------------------------------------------------------------------+
; Setup Times                                                           ;
+-----------+------------+-------+-------+------------+-----------------+
; Data Port ; Clock Port ; Rise  ; Fall  ; Clock Edge ; Clock Reference ;
+-----------+------------+-------+-------+------------+-----------------+
; ci0       ; clk        ; 3.083 ; 3.083 ; Rise       ; clk             ;
; ci1       ; clk        ; 3.209 ; 3.209 ; Rise       ; clk             ;
; ps0       ; clk        ; 3.149 ; 3.149 ; Rise       ; clk             ;
; ps1       ; clk        ; 3.234 ; 3.234 ; Rise       ; clk             ;
+-----------+------------+-------+-------+------------+-----------------+


+-------------------------------------------------------------------------+
; Hold Times                                                              ;
+-----------+------------+--------+--------+------------+-----------------+
; Data Port ; Clock Port ; Rise   ; Fall   ; Clock Edge ; Clock Reference ;
+-----------+------------+--------+--------+------------+-----------------+
; ci0       ; clk        ; -2.294 ; -2.294 ; Rise       ; clk             ;
; ci1       ; clk        ; -2.307 ; -2.307 ; Rise       ; clk             ;
; ps0       ; clk        ; -2.212 ; -2.212 ; Rise       ; clk             ;
; ps1       ; clk        ; -2.102 ; -2.102 ; Rise       ; clk             ;
+-----------+------------+--------+--------+------------+-----------------+


+-----------------------------------------------------------------------+
; Clock to Output Times                                                 ;
+-----------+------------+-------+-------+------------+-----------------+
; Data Port ; Clock Port ; Rise  ; Fall  ; Clock Edge ; Clock Reference ;
+-----------+------------+-------+-------+------------+-----------------+
; outC[*]   ; inst2      ; 5.518 ; 5.518 ; Rise       ; inst2           ;
;  outC[0]  ; inst2      ; 5.461 ; 5.461 ; Rise       ; inst2           ;
;  outC[2]  ; inst2      ; 5.471 ; 5.471 ; Rise       ; inst2           ;
;  outC[5]  ; inst2      ; 5.518 ; 5.518 ; Rise       ; inst2           ;
; outD[*]   ; inst2      ; 6.210 ; 6.210 ; Rise       ; inst2           ;
;  outD[0]  ; inst2      ; 6.210 ; 6.210 ; Rise       ; inst2           ;
;  outD[1]  ; inst2      ; 6.195 ; 6.195 ; Rise       ; inst2           ;
;  outD[2]  ; inst2      ; 6.129 ; 6.129 ; Rise       ; inst2           ;
;  outD[3]  ; inst2      ; 6.103 ; 6.103 ; Rise       ; inst2           ;
;  outD[4]  ; inst2      ; 6.127 ; 6.127 ; Rise       ; inst2           ;
;  outD[5]  ; inst2      ; 6.105 ; 6.105 ; Rise       ; inst2           ;
;  outD[6]  ; inst2      ; 6.153 ; 6.153 ; Rise       ; inst2           ;
+-----------+------------+-------+-------+------------+-----------------+


+-----------------------------------------------------------------------+
; Minimum Clock to Output Times                                         ;
+-----------+------------+-------+-------+------------+-----------------+
; Data Port ; Clock Port ; Rise  ; Fall  ; Clock Edge ; Clock Reference ;
+-----------+------------+-------+-------+------------+-----------------+
; outC[*]   ; inst2      ; 5.461 ; 5.461 ; Rise       ; inst2           ;
;  outC[0]  ; inst2      ; 5.461 ; 5.461 ; Rise       ; inst2           ;
;  outC[2]  ; inst2      ; 5.471 ; 5.471 ; Rise       ; inst2           ;
;  outC[5]  ; inst2      ; 5.518 ; 5.518 ; Rise       ; inst2           ;
; outD[*]   ; inst2      ; 5.336 ; 5.336 ; Rise       ; inst2           ;
;  outD[0]  ; inst2      ; 5.446 ; 5.446 ; Rise       ; inst2           ;
;  outD[1]  ; inst2      ; 5.439 ; 5.439 ; Rise       ; inst2           ;
;  outD[2]  ; inst2      ; 5.360 ; 5.360 ; Rise       ; inst2           ;
;  outD[3]  ; inst2      ; 5.338 ; 5.338 ; Rise       ; inst2           ;
;  outD[4]  ; inst2      ; 5.368 ; 5.368 ; Rise       ; inst2           ;
;  outD[5]  ; inst2      ; 5.336 ; 5.336 ; Rise       ; inst2           ;
;  outD[6]  ; inst2      ; 5.393 ; 5.393 ; Rise       ; inst2           ;
+-----------+------------+-------+-------+------------+-----------------+


+----------------------------------------------------------+
; Propagation Delay                                        ;
+------------+-------------+-------+-------+-------+-------+
; Input Port ; Output Port ; RR    ; RF    ; FR    ; FF    ;
+------------+-------------+-------+-------+-------+-------+
; ci0        ; outO[0]     ;       ; 5.027 ; 5.027 ;       ;
; ci0        ; outO[2]     ; 5.047 ;       ;       ; 5.047 ;
; ci0        ; outO[5]     ; 4.870 ;       ;       ; 4.870 ;
; ci0        ; outT[0]     ;       ; 5.515 ; 5.515 ;       ;
; ci0        ; outT[2]     ;       ; 5.760 ; 5.760 ;       ;
; ci0        ; outT[3]     ;       ; 5.760 ; 5.760 ;       ;
; ci0        ; outT[4]     ; 5.473 ;       ;       ; 5.473 ;
; ci0        ; outT[6]     ;       ; 5.790 ; 5.790 ;       ;
; ci1        ; outT[0]     ;       ; 5.480 ; 5.480 ;       ;
; ci1        ; outT[1]     ; 5.228 ;       ;       ; 5.228 ;
; ci1        ; outT[2]     ; 5.827 ;       ;       ; 5.827 ;
; ci1        ; outT[3]     ; 5.827 ;       ;       ; 5.827 ;
; ci1        ; outT[4]     ; 5.438 ;       ;       ; 5.438 ;
; ci1        ; outT[6]     ; 5.857 ;       ;       ; 5.857 ;
; ps0        ; PsA[1]      ; 5.272 ;       ;       ; 5.272 ;
; ps0        ; PsA[2]      ; 4.762 ;       ;       ; 4.762 ;
; ps0        ; PsA[3]      ; 5.137 ;       ;       ; 5.137 ;
; ps0        ; PsA[4]      ;       ; 5.056 ; 5.056 ;       ;
; ps0        ; PsA[6]      ; 5.073 ;       ;       ; 5.073 ;
; ps1        ; PsA[0]      ;       ; 4.773 ; 4.773 ;       ;
; ps1        ; PsA[1]      ; 5.357 ;       ;       ; 5.357 ;
; ps1        ; PsA[3]      ;       ; 5.055 ; 5.055 ;       ;
; ps1        ; PsA[4]      ; 5.002 ;       ;       ; 5.002 ;
; ps1        ; PsA[6]      ;       ; 4.991 ; 4.991 ;       ;
+------------+-------------+-------+-------+-------+-------+


+----------------------------------------------------------+
; Minimum Propagation Delay                                ;
+------------+-------------+-------+-------+-------+-------+
; Input Port ; Output Port ; RR    ; RF    ; FR    ; FF    ;
+------------+-------------+-------+-------+-------+-------+
; ci0        ; outO[0]     ;       ; 5.027 ; 5.027 ;       ;
; ci0        ; outO[2]     ; 5.047 ;       ;       ; 5.047 ;
; ci0        ; outO[5]     ; 4.870 ;       ;       ; 4.870 ;
; ci0        ; outT[0]     ;       ; 5.515 ; 5.515 ;       ;
; ci0        ; outT[2]     ;       ; 5.760 ; 5.760 ;       ;
; ci0        ; outT[3]     ;       ; 5.760 ; 5.760 ;       ;
; ci0        ; outT[4]     ; 5.473 ;       ;       ; 5.473 ;
; ci0        ; outT[6]     ;       ; 5.790 ; 5.790 ;       ;
; ci1        ; outT[0]     ;       ; 5.480 ; 5.480 ;       ;
; ci1        ; outT[1]     ; 5.228 ;       ;       ; 5.228 ;
; ci1        ; outT[2]     ; 5.827 ;       ;       ; 5.827 ;
; ci1        ; outT[3]     ; 5.827 ;       ;       ; 5.827 ;
; ci1        ; outT[4]     ; 5.438 ;       ;       ; 5.438 ;
; ci1        ; outT[6]     ; 5.857 ;       ;       ; 5.857 ;
; ps0        ; PsA[1]      ; 5.272 ;       ;       ; 5.272 ;
; ps0        ; PsA[2]      ; 4.762 ;       ;       ; 4.762 ;
; ps0        ; PsA[3]      ; 5.137 ;       ;       ; 5.137 ;
; ps0        ; PsA[4]      ;       ; 5.056 ; 5.056 ;       ;
; ps0        ; PsA[6]      ; 5.073 ;       ;       ; 5.073 ;
; ps1        ; PsA[0]      ;       ; 4.773 ; 4.773 ;       ;
; ps1        ; PsA[1]      ; 5.357 ;       ;       ; 5.357 ;
; ps1        ; PsA[3]      ;       ; 5.055 ; 5.055 ;       ;
; ps1        ; PsA[4]      ; 5.002 ;       ;       ; 5.002 ;
; ps1        ; PsA[6]      ;       ; 4.991 ; 4.991 ;       ;
+------------+-------------+-------+-------+-------+-------+


+-------------------------------------------------------------------------------+
; Multicorner Timing Analysis Summary                                           ;
+------------------+--------+--------+----------+---------+---------------------+
; Clock            ; Setup  ; Hold   ; Recovery ; Removal ; Minimum Pulse Width ;
+------------------+--------+--------+----------+---------+---------------------+
; Worst-case Slack ; -1.824 ; -2.362 ; N/A      ; N/A     ; -1.222              ;
;  clk             ; -1.824 ; -1.221 ; N/A      ; N/A     ; -1.222              ;
;  inst2           ; -0.140 ; -2.362 ; N/A      ; N/A     ; 0.500               ;
; Design-wide TNS  ; -6.182 ; -6.789 ; 0.0      ; 0.0     ; -5.222              ;
;  clk             ; -6.042 ; -3.782 ; N/A      ; N/A     ; -5.222              ;
;  inst2           ; -0.140 ; -3.007 ; N/A      ; N/A     ; 0.000               ;
+------------------+--------+--------+----------+---------+---------------------+


+-----------------------------------------------------------------------+
; Setup Times                                                           ;
+-----------+------------+-------+-------+------------+-----------------+
; Data Port ; Clock Port ; Rise  ; Fall  ; Clock Edge ; Clock Reference ;
+-----------+------------+-------+-------+------------+-----------------+
; ci0       ; clk        ; 5.696 ; 5.696 ; Rise       ; clk             ;
; ci1       ; clk        ; 5.944 ; 5.944 ; Rise       ; clk             ;
; ps0       ; clk        ; 5.846 ; 5.846 ; Rise       ; clk             ;
; ps1       ; clk        ; 5.964 ; 5.964 ; Rise       ; clk             ;
+-----------+------------+-------+-------+------------+-----------------+


+-------------------------------------------------------------------------+
; Hold Times                                                              ;
+-----------+------------+--------+--------+------------+-----------------+
; Data Port ; Clock Port ; Rise   ; Fall   ; Clock Edge ; Clock Reference ;
+-----------+------------+--------+--------+------------+-----------------+
; ci0       ; clk        ; -2.294 ; -2.294 ; Rise       ; clk             ;
; ci1       ; clk        ; -2.307 ; -2.307 ; Rise       ; clk             ;
; ps0       ; clk        ; -2.212 ; -2.212 ; Rise       ; clk             ;
; ps1       ; clk        ; -2.102 ; -2.102 ; Rise       ; clk             ;
+-----------+------------+--------+--------+------------+-----------------+


+-------------------------------------------------------------------------+
; Clock to Output Times                                                   ;
+-----------+------------+--------+--------+------------+-----------------+
; Data Port ; Clock Port ; Rise   ; Fall   ; Clock Edge ; Clock Reference ;
+-----------+------------+--------+--------+------------+-----------------+
; outC[*]   ; inst2      ; 10.934 ; 10.934 ; Rise       ; inst2           ;
;  outC[0]  ; inst2      ; 10.576 ; 10.576 ; Rise       ; inst2           ;
;  outC[2]  ; inst2      ; 10.586 ; 10.586 ; Rise       ; inst2           ;
;  outC[5]  ; inst2      ; 10.934 ; 10.934 ; Rise       ; inst2           ;
; outD[*]   ; inst2      ; 12.066 ; 12.066 ; Rise       ; inst2           ;
;  outD[0]  ; inst2      ; 12.066 ; 12.066 ; Rise       ; inst2           ;
;  outD[1]  ; inst2      ; 12.055 ; 12.055 ; Rise       ; inst2           ;
;  outD[2]  ; inst2      ; 11.852 ; 11.852 ; Rise       ; inst2           ;
;  outD[3]  ; inst2      ; 11.810 ; 11.810 ; Rise       ; inst2           ;
;  outD[4]  ; inst2      ; 11.852 ; 11.852 ; Rise       ; inst2           ;
;  outD[5]  ; inst2      ; 11.809 ; 11.809 ; Rise       ; inst2           ;
;  outD[6]  ; inst2      ; 11.964 ; 11.964 ; Rise       ; inst2           ;
+-----------+------------+--------+--------+------------+-----------------+


+-----------------------------------------------------------------------+
; Minimum Clock to Output Times                                         ;
+-----------+------------+-------+-------+------------+-----------------+
; Data Port ; Clock Port ; Rise  ; Fall  ; Clock Edge ; Clock Reference ;
+-----------+------------+-------+-------+------------+-----------------+
; outC[*]   ; inst2      ; 5.461 ; 5.461 ; Rise       ; inst2           ;
;  outC[0]  ; inst2      ; 5.461 ; 5.461 ; Rise       ; inst2           ;
;  outC[2]  ; inst2      ; 5.471 ; 5.471 ; Rise       ; inst2           ;
;  outC[5]  ; inst2      ; 5.518 ; 5.518 ; Rise       ; inst2           ;
; outD[*]   ; inst2      ; 5.336 ; 5.336 ; Rise       ; inst2           ;
;  outD[0]  ; inst2      ; 5.446 ; 5.446 ; Rise       ; inst2           ;
;  outD[1]  ; inst2      ; 5.439 ; 5.439 ; Rise       ; inst2           ;
;  outD[2]  ; inst2      ; 5.360 ; 5.360 ; Rise       ; inst2           ;
;  outD[3]  ; inst2      ; 5.338 ; 5.338 ; Rise       ; inst2           ;
;  outD[4]  ; inst2      ; 5.368 ; 5.368 ; Rise       ; inst2           ;
;  outD[5]  ; inst2      ; 5.336 ; 5.336 ; Rise       ; inst2           ;
;  outD[6]  ; inst2      ; 5.393 ; 5.393 ; Rise       ; inst2           ;
+-----------+------------+-------+-------+------------+-----------------+


+--------------------------------------------------------------+
; Progagation Delay                                            ;
+------------+-------------+--------+--------+--------+--------+
; Input Port ; Output Port ; RR     ; RF     ; FR     ; FF     ;
+------------+-------------+--------+--------+--------+--------+
; ci0        ; outO[0]     ;        ; 8.798  ; 8.798  ;        ;
; ci0        ; outO[2]     ; 8.818  ;        ;        ; 8.818  ;
; ci0        ; outO[5]     ; 8.537  ;        ;        ; 8.537  ;
; ci0        ; outT[0]     ;        ; 9.836  ; 9.836  ;        ;
; ci0        ; outT[2]     ;        ; 10.492 ; 10.492 ;        ;
; ci0        ; outT[3]     ;        ; 10.492 ; 10.492 ;        ;
; ci0        ; outT[4]     ; 9.791  ;        ;        ; 9.791  ;
; ci0        ; outT[6]     ;        ; 10.522 ; 10.522 ;        ;
; ci1        ; outT[0]     ;        ; 9.759  ; 9.759  ;        ;
; ci1        ; outT[1]     ; 9.198  ;        ;        ; 9.198  ;
; ci1        ; outT[2]     ; 10.538 ;        ;        ; 10.538 ;
; ci1        ; outT[3]     ; 10.538 ;        ;        ; 10.538 ;
; ci1        ; outT[4]     ; 9.714  ;        ;        ; 9.714  ;
; ci1        ; outT[6]     ; 10.568 ;        ;        ; 10.568 ;
; ps0        ; PsA[1]      ; 9.462  ;        ;        ; 9.462  ;
; ps0        ; PsA[2]      ; 8.287  ;        ;        ; 8.287  ;
; ps0        ; PsA[3]      ; 9.151  ;        ;        ; 9.151  ;
; ps0        ; PsA[4]      ;        ; 9.008  ; 9.008  ;        ;
; ps0        ; PsA[6]      ; 9.000  ;        ;        ; 9.000  ;
; ps1        ; PsA[0]      ;        ; 8.292  ; 8.292  ;        ;
; ps1        ; PsA[1]      ; 9.587  ;        ;        ; 9.587  ;
; ps1        ; PsA[3]      ;        ; 9.016  ; 9.016  ;        ;
; ps1        ; PsA[4]      ; 8.873  ;        ;        ; 8.873  ;
; ps1        ; PsA[6]      ;        ; 8.865  ; 8.865  ;        ;
+------------+-------------+--------+--------+--------+--------+


+----------------------------------------------------------+
; Minimum Progagation Delay                                ;
+------------+-------------+-------+-------+-------+-------+
; Input Port ; Output Port ; RR    ; RF    ; FR    ; FF    ;
+------------+-------------+-------+-------+-------+-------+
; ci0        ; outO[0]     ;       ; 5.027 ; 5.027 ;       ;
; ci0        ; outO[2]     ; 5.047 ;       ;       ; 5.047 ;
; ci0        ; outO[5]     ; 4.870 ;       ;       ; 4.870 ;
; ci0        ; outT[0]     ;       ; 5.515 ; 5.515 ;       ;
; ci0        ; outT[2]     ;       ; 5.760 ; 5.760 ;       ;
; ci0        ; outT[3]     ;       ; 5.760 ; 5.760 ;       ;
; ci0        ; outT[4]     ; 5.473 ;       ;       ; 5.473 ;
; ci0        ; outT[6]     ;       ; 5.790 ; 5.790 ;       ;
; ci1        ; outT[0]     ;       ; 5.480 ; 5.480 ;       ;
; ci1        ; outT[1]     ; 5.228 ;       ;       ; 5.228 ;
; ci1        ; outT[2]     ; 5.827 ;       ;       ; 5.827 ;
; ci1        ; outT[3]     ; 5.827 ;       ;       ; 5.827 ;
; ci1        ; outT[4]     ; 5.438 ;       ;       ; 5.438 ;
; ci1        ; outT[6]     ; 5.857 ;       ;       ; 5.857 ;
; ps0        ; PsA[1]      ; 5.272 ;       ;       ; 5.272 ;
; ps0        ; PsA[2]      ; 4.762 ;       ;       ; 4.762 ;
; ps0        ; PsA[3]      ; 5.137 ;       ;       ; 5.137 ;
; ps0        ; PsA[4]      ;       ; 5.056 ; 5.056 ;       ;
; ps0        ; PsA[6]      ; 5.073 ;       ;       ; 5.073 ;
; ps1        ; PsA[0]      ;       ; 4.773 ; 4.773 ;       ;
; ps1        ; PsA[1]      ; 5.357 ;       ;       ; 5.357 ;
; ps1        ; PsA[3]      ;       ; 5.055 ; 5.055 ;       ;
; ps1        ; PsA[4]      ; 5.002 ;       ;       ; 5.002 ;
; ps1        ; PsA[6]      ;       ; 4.991 ; 4.991 ;       ;
+------------+-------------+-------+-------+-------+-------+


+-------------------------------------------------------------------+
; Setup Transfers                                                   ;
+------------+----------+----------+----------+----------+----------+
; From Clock ; To Clock ; RR Paths ; FR Paths ; RF Paths ; FF Paths ;
+------------+----------+----------+----------+----------+----------+
; clk        ; clk      ; 55       ; 0        ; 0        ; 0        ;
; inst2      ; clk      ; 17       ; 17       ; 0        ; 0        ;
; clk        ; inst2    ; 5        ; 0        ; 0        ; 0        ;
; inst2      ; inst2    ; 1        ; 1        ; 0        ; 0        ;
+------------+----------+----------+----------+----------+----------+
Entries labeled "false path" only account for clock-to-clock false paths and not path-based false paths. As a result, actual path counts may be lower than reported.


+-------------------------------------------------------------------+
; Hold Transfers                                                    ;
+------------+----------+----------+----------+----------+----------+
; From Clock ; To Clock ; RR Paths ; FR Paths ; RF Paths ; FF Paths ;
+------------+----------+----------+----------+----------+----------+
; clk        ; clk      ; 55       ; 0        ; 0        ; 0        ;
; inst2      ; clk      ; 17       ; 17       ; 0        ; 0        ;
; clk        ; inst2    ; 5        ; 0        ; 0        ; 0        ;
; inst2      ; inst2    ; 1        ; 1        ; 0        ; 0        ;
+------------+----------+----------+----------+----------+----------+
Entries labeled "false path" only account for clock-to-clock false paths and not path-based false paths. As a result, actual path counts may be lower than reported.


---------------
; Report TCCS ;
---------------
No dedicated SERDES Transmitter circuitry present in device or used in design


---------------
; Report RSKM ;
---------------
No dedicated SERDES Receiver circuitry present in device or used in design


+------------------------------------------------+
; Unconstrained Paths                            ;
+---------------------------------+-------+------+
; Property                        ; Setup ; Hold ;
+---------------------------------+-------+------+
; Illegal Clocks                  ; 0     ; 0    ;
; Unconstrained Clocks            ; 0     ; 0    ;
; Unconstrained Input Ports       ; 4     ; 4    ;
; Unconstrained Input Port Paths  ; 40    ; 40   ;
; Unconstrained Output Ports      ; 25    ; 25   ;
; Unconstrained Output Port Paths ; 48    ; 48   ;
+---------------------------------+-------+------+


+------------------------------------+
; TimeQuest Timing Analyzer Messages ;
+------------------------------------+
Info: *******************************************************************
Info: Running Quartus II 64-Bit TimeQuest Timing Analyzer
    Info: Version 12.1 Build 243 01/31/2013 Service Pack 1 SJ Full Version
    Info: Processing started: Wed Apr 29 19:55:45 2015
Info: Command: quartus_sta mProj2_2 -c mProj2_2
Info: qsta_default_script.tcl version: #1
Info (11104): Parallel Compilation has detected 8 hyper-threaded processors. However, the extra hyper-threaded processors will not be used by default. Parallel Compilation will use 4 of the 4 physical processors detected instead.
Info (21077): Low junction temperature is 0 degrees C
Info (21077): High junction temperature is 85 degrees C
Warning (335093): TimeQuest Timing Analyzer is analyzing 4 combinational loops as latches.
Critical Warning (332012): Synopsys Design Constraints File file not found: 'mProj2_2.sdc'. A Synopsys Design Constraints File is required by the TimeQuest Timing Analyzer to get proper timing constraints. Without it, the Compiler will not properly optimize the design.
Info (332142): No user constrained base clocks found in the design. Calling "derive_clocks -period 1.0"
Info (332105): Deriving Clocks
    Info (332105): create_clock -period 1.000 -name inst2 inst2
    Info (332105): create_clock -period 1.000 -name clk clk
Info: Found TIMEQUEST_REPORT_SCRIPT_INCLUDE_DEFAULT_ANALYSIS = ON
Info: Analyzing Slow Model
Critical Warning (332148): Timing requirements not met
Info (332146): Worst-case setup slack is -1.824
    Info (332119):     Slack End Point TNS Clock 
    Info (332119): ========= ============= =====================
    Info (332119):    -1.824        -6.042 clk 
    Info (332119):    -0.140        -0.140 inst2 
Info (332146): Worst-case hold slack is -2.362
    Info (332119):     Slack End Point TNS Clock 
    Info (332119): ========= ============= =====================
    Info (332119):    -2.362        -3.007 inst2 
    Info (332119):    -1.221        -3.782 clk 
Info (332140): No Recovery paths to report
Info (332140): No Removal paths to report
Info (332146): Worst-case minimum pulse width slack is -1.222
    Info (332119):     Slack End Point TNS Clock 
    Info (332119): ========= ============= =====================
    Info (332119):    -1.222        -5.222 clk 
    Info (332119):     0.500         0.000 inst2 
Info (332001): The selected device family is not supported by the report_metastability command.
Info: Analyzing Fast Model
Critical Warning (332148): Timing requirements not met
Info (332146): Worst-case setup slack is -0.289
    Info (332119):     Slack End Point TNS Clock 
    Info (332119): ========= ============= =====================
    Info (332119):    -0.289        -0.499 clk 
    Info (332119):     0.583         0.000 inst2 
Info (332146): Worst-case hold slack is -1.367
    Info (332119):     Slack End Point TNS Clock 
    Info (332119): ========= ============= =====================
    Info (332119):    -1.367        -1.789 inst2 
    Info (332119):    -0.819        -2.811 clk 
Info (332140): No Recovery paths to report
Info (332140): No Removal paths to report
Info (332146): Worst-case minimum pulse width slack is -1.222
    Info (332119):     Slack End Point TNS Clock 
    Info (332119): ========= ============= =====================
    Info (332119):    -1.222        -5.222 clk 
    Info (332119):     0.500         0.000 inst2 
Info (332001): The selected device family is not supported by the report_metastability command.
Info (332102): Design is not fully constrained for setup requirements
Info (332102): Design is not fully constrained for hold requirements
Info: Quartus II 64-Bit TimeQuest Timing Analyzer was successful. 0 errors, 4 warnings
    Info: Peak virtual memory: 589 megabytes
    Info: Processing ended: Wed Apr 29 19:55:50 2015
    Info: Elapsed time: 00:00:05
    Info: Total CPU time (on all processors): 00:00:01


